Arguments: 
  C:\Program Files\nodejs\node.exe C:\Program Files (x86)\Yarn\bin\yarn.js dev

PATH: 
  C:\Program Files (x86)\Common Files\Oracle\Java\javapath;C:\Python27\;C:\Python27\Scripts;C:\ProgramData\Oracle\Java\javapath;C:\WINDOWS\system32;C:\WINDOWS;C:\WINDOWS\System32\Wbem;C:\WINDOWS\System32\WindowsPowerShell\v1.0\;C:\Program Files\Java\jdk1.8.0_201\bin;C:\Program Files\Java\jre1.8.0_201\bin;C:\Users\Peretta\Desktop\mysql-5.7.21-winx64\bin;C:\ProgramData\chocolatey\bin;C:\Program Files (x86)\Yarn\bin\;C:\WINDOWS\System32\OpenSSH\;C:\Users\Peretta\AppData\Roaming\nvm;C:\Program Files\nodejs;C:\Program Files\Git\cmd;C:\Program Files\dotnet\;C:\Program Files\Microsoft SQL Server\130\Tools\Binn\;C:\Program Files\Microsoft VS Code\bin;C:\Ruby26-x64\bin;C:\Users\Peretta\AppData\Local\Microsoft\WindowsApps;C:\Users\Peretta\Desktop\mysql-5.7.21-winx64\bin;C:\Users\Peretta\AppData\Local\Yarn\bin;C:\Program Files\Microsoft VS Code\bin;C:\Users\Peretta\AppData\Roaming\npm;C:\Users\Peretta\AppData\Roaming\nvm;C:\Program Files\nodejs;C:\Program Files\heroku\bin;C:\flutter\bin;

Yarn version: 
  1.5.1

Node version: 
  12.10.0

Platform: 
  win32 x64

npm manifest: 
  {
    "name": "API",
    "version": "1.0.0",
    "description": "",
    "main": "index.js",
    "scripts": {
      "test": "echo \"Error: no test specified\" && exit 1",
      "dev": "nodemon src/server.js"
    },
    "keywords": [],
    "author": "",
    "license": "ISC",
    "dependencies": {
      "cors": "^2.8.5",
      "express": "^4.17.1",
      "mongoose": "^5.9.4"
    },
    "devDependencies": {
      "nodemon": "^2.0.2"
    }
  }

yarn manifest: 
  No manifest

Lockfile: 
  No lockfile

Trace: 
  Error: Command failed.
  Exit code: 3221225786
  Command: C:\WINDOWS\system32\cmd.exe
  Arguments: /d /s /c nodemon src/server.js
  Directory: C:\projetos\Park-man\API
  Output:
  
      at ProcessTermError.MessageError (C:\Program Files (x86)\Yarn\lib\cli.js:186:110)
      at new ProcessTermError (C:\Program Files (x86)\Yarn\lib\cli.js:226:113)
      at ChildProcess.<anonymous> (C:\Program Files (x86)\Yarn\lib\cli.js:30281:17)
      at ChildProcess.emit (events.js:209:13)
      at maybeClose (internal/child_process.js:1021:16)
      at Process.ChildProcess._handle.onexit (internal/child_process.js:283:5)
